  main.c
C:\Users\ATIV\source\repos\Algorithm_DataStructure\19_Binary_Search\19_Binary_Search\main.c(20,48): warning C4133: '함수': 'Node *'과(와) 'Node *' 사이의 형식이 호환되지 않습니다.
C:\Users\ATIV\source\repos\Algorithm_DataStructure\19_Binary_Search\19_Binary_Search\main.c(20,55): warning C4133: '=': 'Node *'과(와) 'Node *' 사이의 형식이 호환되지 않습니다.
C:\Users\ATIV\source\repos\Algorithm_DataStructure\19_Binary_Search\19_Binary_Search\main.c(23,50): warning C4133: '함수': 'Node *'과(와) 'Node *' 사이의 형식이 호환되지 않습니다.
C:\Users\ATIV\source\repos\Algorithm_DataStructure\19_Binary_Search\19_Binary_Search\main.c(23,57): warning C4133: '=': 'Node *'과(와) 'Node *' 사이의 형식이 호환되지 않습니다.
C:\Users\ATIV\source\repos\Algorithm_DataStructure\19_Binary_Search\19_Binary_Search\main.c(33,63): warning C4133: '함수': 'Node *'과(와) 'Node *' 사이의 형식이 호환되지 않습니다.
C:\Users\ATIV\source\repos\Algorithm_DataStructure\19_Binary_Search\19_Binary_Search\main.c(34,41): warning C4133: '함수': 'Node *'과(와) 'Node *' 사이의 형식이 호환되지 않습니다.
C:\Users\ATIV\source\repos\Algorithm_DataStructure\19_Binary_Search\19_Binary_Search\main.c(40,25): warning C4133: '=': 'Node *'과(와) 'Node *' 사이의 형식이 호환되지 않습니다.
C:\Users\ATIV\source\repos\Algorithm_DataStructure\19_Binary_Search\19_Binary_Search\main.c(48,69): warning C4133: '함수': 'Node *'과(와) 'Node *' 사이의 형식이 호환되지 않습니다.
C:\Users\ATIV\source\repos\Algorithm_DataStructure\19_Binary_Search\19_Binary_Search\main.c(48,76): warning C4133: '=': 'Node *'과(와) 'Node *' 사이의 형식이 호환되지 않습니다.
C:\Users\ATIV\source\repos\Algorithm_DataStructure\19_Binary_Search\19_Binary_Search\main.c(49,76): warning C4133: '함수': 'Node *'과(와) 'Node *' 사이의 형식이 호환되지 않습니다.
C:\Users\ATIV\source\repos\Algorithm_DataStructure\19_Binary_Search\19_Binary_Search\main.c(49,83): warning C4133: '=': 'Node *'과(와) 'Node *' 사이의 형식이 호환되지 않습니다.
C:\Users\ATIV\source\repos\Algorithm_DataStructure\19_Binary_Search\19_Binary_Search\main.c(53,39): warning C4133: '함수': 'Node *'과(와) 'Node *' 사이의 형식이 호환되지 않습니다.
C:\Users\ATIV\source\repos\Algorithm_DataStructure\19_Binary_Search\19_Binary_Search\main.c(55,50): warning C4133: '함수': 'Node *'과(와) 'Node *' 사이의 형식이 호환되지 않습니다.
C:\Users\ATIV\source\repos\Algorithm_DataStructure\19_Binary_Search\19_Binary_Search\main.c(55,63): warning C4133: '=': 'Node *'과(와) 'Node *' 사이의 형식이 호환되지 않습니다.
C:\Users\ATIV\source\repos\Algorithm_DataStructure\19_Binary_Search\19_Binary_Search\main.c(58,73): warning C4133: '=': 'Node *'과(와) 'Node *' 사이의 형식이 호환되지 않습니다.
C:\Users\ATIV\source\repos\Algorithm_DataStructure\19_Binary_Search\19_Binary_Search\main.c(67,31): warning C4098: 'preorder': 'void' 함수에서 값을 반환하고 있습니다.
C:\Users\ATIV\source\repos\Algorithm_DataStructure\19_Binary_Search\19_Binary_Search\main.c(69,26): warning C4133: '함수': 'Node *'과(와) 'Node *' 사이의 형식이 호환되지 않습니다.
C:\Users\ATIV\source\repos\Algorithm_DataStructure\19_Binary_Search\19_Binary_Search\main.c(70,27): warning C4133: '함수': 'Node *'과(와) 'Node *' 사이의 형식이 호환되지 않습니다.
  19_Binary_Search.vcxproj -> C:\Users\ATIV\source\repos\Algorithm_DataStructure\19_Binary_Search\Debug\19_Binary_Search.exe
