c:\users\ativ\source\repos\algorithm_datastructure\05_queue\05_queue\debug\vc142.pdb
c:\users\ativ\source\repos\algorithm_datastructure\05_queue\05_queue\debug\vc142.idb
c:\users\ativ\source\repos\algorithm_datastructure\05_queue\05_queue\debug\main.obj
c:\users\ativ\source\repos\algorithm_datastructure\05_queue\05_queue\debug\linked.obj
c:\users\ativ\source\repos\algorithm_datastructure\05_queue\debug\05_queue.pdb
c:\users\ativ\source\repos\algorithm_datastructure\05_queue\05_queue\debug\05_queue.tlog\cl.command.1.tlog
c:\users\ativ\source\repos\algorithm_datastructure\05_queue\05_queue\debug\05_queue.tlog\cl.read.1.tlog
c:\users\ativ\source\repos\algorithm_datastructure\05_queue\05_queue\debug\05_queue.tlog\cl.write.1.tlog
c:\users\ativ\source\repos\algorithm_datastructure\05_queue\05_queue\debug\05_queue.tlog\link-cvtres.read.1.tlog
c:\users\ativ\source\repos\algorithm_datastructure\05_queue\05_queue\debug\05_queue.tlog\link-cvtres.write.1.tlog
c:\users\ativ\source\repos\algorithm_datastructure\05_queue\05_queue\debug\05_queue.tlog\link-rc.read.1.tlog
c:\users\ativ\source\repos\algorithm_datastructure\05_queue\05_queue\debug\05_queue.tlog\link-rc.write.1.tlog
c:\users\ativ\source\repos\algorithm_datastructure\05_queue\05_queue\debug\05_queue.tlog\link.17540-cvtres.read.1.tlog
c:\users\ativ\source\repos\algorithm_datastructure\05_queue\05_queue\debug\05_queue.tlog\link.17540-cvtres.write.1.tlog
c:\users\ativ\source\repos\algorithm_datastructure\05_queue\05_queue\debug\05_queue.tlog\link.17540-rc.read.1.tlog
c:\users\ativ\source\repos\algorithm_datastructure\05_queue\05_queue\debug\05_queue.tlog\link.17540-rc.write.1.tlog
c:\users\ativ\source\repos\algorithm_datastructure\05_queue\05_queue\debug\05_queue.tlog\link.17540.read.1.tlog
c:\users\ativ\source\repos\algorithm_datastructure\05_queue\05_queue\debug\05_queue.tlog\link.17540.write.1.tlog
c:\users\ativ\source\repos\algorithm_datastructure\05_queue\05_queue\debug\05_queue.tlog\link.command.1.tlog
c:\users\ativ\source\repos\algorithm_datastructure\05_queue\05_queue\debug\05_queue.tlog\link.read.1.tlog
c:\users\ativ\source\repos\algorithm_datastructure\05_queue\05_queue\debug\05_queue.tlog\link.write.1.tlog
